<?xml version="1.0" encoding="UTF-8"?>
<!-- Generated by org.testng.reporters.JUnitReportReporter -->
<testsuite skipped="0" hostname="hw-dellur" name="testscripts.BrokenLinks" tests="1" failures="0" timestamp="12 Jun 2017 16:59:11 GMT" time="101.218" errors="0">
  <testcase name="brokenLinks" time="101.218" classname="testscripts.BrokenLinks"/>
</testsuite> <!-- testscripts.BrokenLinks -->
