<?xml version="1.0" encoding="UTF-8"?>
<!-- Generated by org.testng.reporters.JUnitReportReporter -->
<testsuite skipped="0" hostname="hw-dellur" name="testscripts.AdvancedSearch_Jounals" tests="1" failures="0" timestamp="20 Jul 2017 11:07:48 GMT" time="53.913" errors="0">
  <testcase name="advancedSearch_Jounals" time="53.913" classname="testscripts.AdvancedSearch_Jounals"/>
</testsuite> <!-- testscripts.AdvancedSearch_Jounals -->
