<?xml version="1.0" encoding="UTF-8"?>
<!-- Generated by org.testng.reporters.JUnitReportReporter -->
<testsuite skipped="0" hostname="hw-dellur" name="testscripts.Collections" tests="1" failures="0" timestamp="28 Jun 2017 15:25:45 GMT" time="0.006" errors="0">
  <testcase name="arrayList" time="0.006" classname="testscripts.Collections"/>
</testsuite> <!-- testscripts.Collections -->
