<?xml version="1.0" encoding="UTF-8"?>
<!-- Generated by org.testng.reporters.JUnitReportReporter -->
<testsuite skipped="0" hostname="hw-dellur" name="com.test.automation.UIAutomation.HomePage.TC001_VerifyLoginWithInvalidCredentials" tests="1" failures="0" timestamp="19 Aug 2017 15:42:15 GMT" time="3.080" errors="0">
  <testcase name="verifyLoginWithInvalidCredentials" time="3.080" classname="com.test.automation.UIAutomation.HomePage.TC001_VerifyLoginWithInvalidCredentials"/>
</testsuite> <!-- com.test.automation.UIAutomation.HomePage.TC001_VerifyLoginWithInvalidCredentials -->
